<?xml version="1.0" encoding="UTF-8"?>
<testsuite name="com.volokhonskii.simplegraph.test.UndirectedGraphUnitTest" tests="1" skipped="0" failures="0" errors="0" timestamp="2020-05-06T15:03:28" hostname="TD104" time="0.0">
  <properties/>
  <testcase name="addEdge" classname="com.volokhonskii.simplegraph.test.UndirectedGraphUnitTest" time="0.0"/>
  <system-out><![CDATA[]]></system-out>
  <system-err><![CDATA[]]></system-err>
</testsuite>
